#
# A fatal error has been detected by the Java Runtime Environment:
#
#  SIGBUS (0x7) at pc=0x00007feb88d834e2, pid=19803, tid=0x00007feb8bd0a700
#
# JRE version: Java(TM) SE Runtime Environment (8.0_181-b13) (build 1.8.0_181-b13)
# Java VM: Java HotSpot(TM) 64-Bit Server VM (25.181-b13 mixed mode linux-amd64 compressed oops)
# Problematic frame:
# C  [libzip.so+0x124e2]  newEntry+0x62
#
# Failed to write core dump. Core dumps have been disabled. To enable core dumping, try "ulimit -c unlimited" before starting Java again
#
# If you would like to submit a bug report, please visit:
#   http://bugreport.java.com/bugreport/crash.jsp
# The crash happened outside the Java Virtual Machine in native code.
# See problematic frame for where to report the bug.
#

---------------  T H R E A D  ---------------

Current thread (0x00007feb8400a800):  JavaThread "main" [_thread_in_native, id=19807, stack(0x00007feb8bc0a000,0x00007feb8bd0b000)]

siginfo: si_signo: 7 (SIGBUS), si_code: 2 (BUS_ADRERR), si_addr: 0x00007feb88008681

Registers:
RAX=0x00007feb843699a0, RBX=0x00007feb840ee920, RCX=0x00007feb84000020, RDX=0x00007feb843699a0
RSP=0x00007feb8bd073e0, RBP=0x00007feb8bd07430, RSI=0x00007feb84000038, RDI=0x0000000000000003
R8 =0x0000000000000000, R9 =0x00007feb8bd074b0, R10=0x00007feb75143218, R11=0x0000000000000036
R12=0x00007feb88008664, R13=0x00007feb843699a0, R14=0x00000000cffcfb1d, R15=0x00007feb840ee6e0
RIP=0x00007feb88d834e2, EFLAGS=0x0000000000010202, CSGSFS=0x0000000000000033, ERR=0x0000000000000004
  TRAPNO=0x000000000000000e

Top of Stack: (sp=0x00007feb8bd073e0)
0x00007feb8bd073e0:   0000000000000038 00007feb00000000
0x00007feb8bd073f0:   00000007c00007a8 00007feb8aa01eae
0x00007feb8bd07400:   00007feb843699a0 00007feb840ee920
0x00007feb8bd07410:   00007feb84356040 00007feb840ee6e0
0x00007feb8bd07420:   00000000cffcfb1d 0000000000000036
0x00007feb8bd07430:   00007feb8bd07490 00007feb88d83c3f
0x00007feb8bd07440:   00007feb8400a800 01007feb8aabfe08
0x00007feb8bd07450:   00007feb8bd074b0 00007feb8bd074e7
0x00007feb8bd07460:   00007feb8bd074e5 00007feb8bd074b0
0x00007feb8bd07470:   0000000000000036 00007feb8400a9f8
0x00007feb8bd07480:   00007feb8bd07908 0000000000000001
0x00007feb8bd07490:   00007feb8bd078f0 00007feb88d74e90
0x00007feb8bd074a0:   000000076dd99c90 00007feb840ee6e0
0x00007feb8bd074b0:   7472616d73746662 696e756d6d6f632f
0x00007feb8bd074c0:   532f6e6f69746163 6d6f437265767265
0x00007feb8bd074d0:   69746163696e756d 6d65747379536e6f
0x00007feb8bd074e0:   00007373616c632e 00007feb6f32a400
0x00007feb8bd074f0:   00007feb6f755200 0000000800000002
0x00007feb8bd07500:   000000006f730b00 000000006f730b58
0x00007feb8bd07510:   00007feb6f731f10 00007feb6f74f608
0x00007feb8bd07520:   00007feb6f42df28 00007feb6f751550
0x00007feb8bd07530:   0000000000000004 000000076f751530
0x00007feb8bd07540:   00007feb6f751530 00007feb8b1956ce
0x00007feb8bd07550:   00007feb8bd07b00 00007feb8bd07af0
0x00007feb8bd07560:   00007feb8ac4e5ca 00007feb8bd07c90
0x00007feb8bd07570:   0000000000000000 00007feb8b16792d
0x00007feb8bd07580:   000000006f743a50 00007feb8bd075f0
0x00007feb8bd07590:   00007feb6f73edc0 00007feb8bd07668
0x00007feb8bd075a0:   00007feb8bd07658 00007feb00000000
0x00007feb8bd075b0:   00007feb00000000 00007feb8bd07670
0x00007feb8bd075c0:   ffffffff00000000 0000000000000004
0x00007feb8bd075d0:   00007feb00000000 000000006f6fff20 

Instructions: (pc=0x00007feb88d834e2)
0x00007feb88d834c2:   00 48 c7 40 28 00 00 00 00 41 80 7f 30 00 0f 84
0x00007feb88d834d2:   8a 02 00 00 4c 8b 63 08 4d 2b 67 28 4d 03 67 18
0x00007feb88d834e2:   41 0f b6 5c 24 1d 41 0f b6 44 24 1c c1 e3 08 09
0x00007feb88d834f2:   c3 41 0f b6 44 24 1e 88 45 bd 41 0f b6 54 24 20 

Register to memory mapping:

RAX=0x00007feb843699a0 is an unknown value
RBX=0x00007feb840ee920 is an unknown value
RCX=0x00007feb84000020 is an unknown value
RDX=0x00007feb843699a0 is an unknown value
RSP=0x00007feb8bd073e0 is pointing into the stack for thread: 0x00007feb8400a800
RBP=0x00007feb8bd07430 is pointing into the stack for thread: 0x00007feb8400a800
RSI=0x00007feb84000038 is an unknown value
RDI=0x0000000000000003 is an unknown value
R8 =0x0000000000000000 is an unknown value
R9 =0x00007feb8bd074b0 is pointing into the stack for thread: 0x00007feb8400a800
R10=0x00007feb75143218 is at entry_point+88 in (nmethod*)0x00007feb75143050
R11=0x0000000000000036 is an unknown value
R12=0x00007feb88008664 is an unknown value
R13=0x00007feb843699a0 is an unknown value
R14=0x00000000cffcfb1d is an unknown value
R15=0x00007feb840ee6e0 is an unknown value


Stack: [0x00007feb8bc0a000,0x00007feb8bd0b000],  sp=0x00007feb8bd073e0,  free space=1012k
Native frames: (J=compiled Java code, j=interpreted, Vv=VM code, C=native code)
C  [libzip.so+0x124e2]  newEntry+0x62
C  [libzip.so+0x12c3f]  ZIP_GetEntry2+0xff
C  [libzip.so+0x3e90]  Java_java_util_zip_ZipFile_getEntry+0xf0
J 109  java.util.zip.ZipFile.getEntry(J[BZ)J (0 bytes) @ 0x00007feb7514328e [0x00007feb751431c0+0xce]
J 128 C1 java.util.zip.ZipFile.getEntry(Ljava/lang/String;)Ljava/util/zip/ZipEntry; (101 bytes) @ 0x00007feb751516cc [0x00007feb75151460+0x26c]
J 93 C1 sun.misc.URLClassPath$JarLoader.getResource(Ljava/lang/String;Z)Lsun/misc/Resource; (85 bytes) @ 0x00007feb7513cd9c [0x00007feb7513cb60+0x23c]
J 240 C1 sun.misc.URLClassPath.getResource(Ljava/lang/String;Z)Lsun/misc/Resource; (83 bytes) @ 0x00007feb751897ac [0x00007feb75189640+0x16c]
J 244 C1 java.net.URLClassLoader$1.run()Ljava/lang/Class; (63 bytes) @ 0x00007feb7518d83c [0x00007feb7518d620+0x21c]
J 243 C1 java.net.URLClassLoader$1.run()Ljava/lang/Object; (5 bytes) @ 0x00007feb7518d28c [0x00007feb7518d200+0x8c]
v  ~StubRoutines::call_stub
V  [libjvm.so+0x697a76]  JavaCalls::call_helper(JavaValue*, methodHandle*, JavaCallArguments*, Thread*)+0x1056
V  [libjvm.so+0x73107c]  JVM_DoPrivileged+0x27c
J 222  java.security.AccessController.doPrivileged(Ljava/security/PrivilegedExceptionAction;Ljava/security/AccessControlContext;)Ljava/lang/Object; (0 bytes) @ 0x00007feb75180015 [0x00007feb7517ff40+0xd5]
J 241 C1 java.net.URLClassLoader.findClass(Ljava/lang/String;)Ljava/lang/Class; (47 bytes) @ 0x00007feb7518c614 [0x00007feb7518c480+0x194]
J 184 C1 java.lang.ClassLoader.loadClass(Ljava/lang/String;Z)Ljava/lang/Class; (122 bytes) @ 0x00007feb75170684 [0x00007feb7516fd20+0x964]
J 218 C1 sun.misc.Launcher$AppClassLoader.loadClass(Ljava/lang/String;Z)Ljava/lang/Class; (85 bytes) @ 0x00007feb75181164 [0x00007feb751807c0+0x9a4]
J 217 C1 java.lang.ClassLoader.loadClass(Ljava/lang/String;)Ljava/lang/Class; (7 bytes) @ 0x00007feb75181c04 [0x00007feb75181b00+0x104]
v  ~StubRoutines::call_stub
V  [libjvm.so+0x697a76]  JavaCalls::call_helper(JavaValue*, methodHandle*, JavaCallArguments*, Thread*)+0x1056
V  [libjvm.so+0x697f81]  JavaCalls::call_virtual(JavaValue*, KlassHandle, Symbol*, Symbol*, JavaCallArguments*, Thread*)+0x321
V  [libjvm.so+0x6983d6]  JavaCalls::call_virtual(JavaValue*, Handle, KlassHandle, Symbol*, Symbol*, Handle, Thread*)+0x56
V  [libjvm.so+0xa47760]  SystemDictionary::load_instance_class(Symbol*, Handle, Thread*)+0x3f0
V  [libjvm.so+0xa466ac]  SystemDictionary::resolve_instance_class_or_null(Symbol*, Handle, Handle, Thread*)+0x78c
V  [libjvm.so+0xa47b83]  SystemDictionary::resolve_or_fail(Symbol*, Handle, Handle, bool, Thread*)+0x33
V  [libjvm.so+0x4f92e8]  ConstantPool::klass_at_impl(constantPoolHandle, int, Thread*)+0x158
V  [libjvm.so+0x68bf41]  InterpreterRuntime::_new(JavaThread*, ConstantPool*, int)+0x71
j  bftsmart.tom.ServiceReplica.init()V+1
j  bftsmart.tom.ServiceReplica.<init>(ILjava/lang/String;Lbftsmart/tom/server/Executable;Lbftsmart/tom/server/Recoverable;Lbftsmart/tom/server/RequestVerifier;Lbftsmart/tom/server/Replier;Lbftsmart/tom/util/KeyLoader;)V+141
j  bftsmart.tom.ServiceReplica.<init>(ILbftsmart/tom/server/Executable;Lbftsmart/tom/server/Recoverable;)V+15
j  bftsmart.demo.counter.CounterServer.<init>(I)V+20
j  bftsmart.demo.counter.CounterServer.main([Ljava/lang/String;)V+29
v  ~StubRoutines::call_stub
V  [libjvm.so+0x697a76]  JavaCalls::call_helper(JavaValue*, methodHandle*, JavaCallArguments*, Thread*)+0x1056
V  [libjvm.so+0x6d91c2]  jni_invoke_static(JNIEnv_*, JavaValue*, _jobject*, JNICallType, _jmethodID*, JNI_ArgumentPusher*, Thread*)+0x362
V  [libjvm.so+0x6f5a2a]  jni_CallStaticVoidMethod+0x17a
C  [libjli.so+0x80ff]  JavaMain+0x81f
C  [libpthread.so.0+0x76ba]  start_thread+0xca

Java frames: (J=compiled Java code, j=interpreted, Vv=VM code)
J 109  java.util.zip.ZipFile.getEntry(J[BZ)J (0 bytes) @ 0x00007feb75143218 [0x00007feb751431c0+0x58]
J 128 C1 java.util.zip.ZipFile.getEntry(Ljava/lang/String;)Ljava/util/zip/ZipEntry; (101 bytes) @ 0x00007feb751516cc [0x00007feb75151460+0x26c]
J 93 C1 sun.misc.URLClassPath$JarLoader.getResource(Ljava/lang/String;Z)Lsun/misc/Resource; (85 bytes) @ 0x00007feb7513cd9c [0x00007feb7513cb60+0x23c]
J 240 C1 sun.misc.URLClassPath.getResource(Ljava/lang/String;Z)Lsun/misc/Resource; (83 bytes) @ 0x00007feb751897ac [0x00007feb75189640+0x16c]
J 244 C1 java.net.URLClassLoader$1.run()Ljava/lang/Class; (63 bytes) @ 0x00007feb7518d83c [0x00007feb7518d620+0x21c]
J 243 C1 java.net.URLClassLoader$1.run()Ljava/lang/Object; (5 bytes) @ 0x00007feb7518d28c [0x00007feb7518d200+0x8c]
v  ~StubRoutines::call_stub
J 222  java.security.AccessController.doPrivileged(Ljava/security/PrivilegedExceptionAction;Ljava/security/AccessControlContext;)Ljava/lang/Object; (0 bytes) @ 0x00007feb7517ffa3 [0x00007feb7517ff40+0x63]
J 241 C1 java.net.URLClassLoader.findClass(Ljava/lang/String;)Ljava/lang/Class; (47 bytes) @ 0x00007feb7518c614 [0x00007feb7518c480+0x194]
J 184 C1 java.lang.ClassLoader.loadClass(Ljava/lang/String;Z)Ljava/lang/Class; (122 bytes) @ 0x00007feb75170684 [0x00007feb7516fd20+0x964]
J 218 C1 sun.misc.Launcher$AppClassLoader.loadClass(Ljava/lang/String;Z)Ljava/lang/Class; (85 bytes) @ 0x00007feb75181164 [0x00007feb751807c0+0x9a4]
J 217 C1 java.lang.ClassLoader.loadClass(Ljava/lang/String;)Ljava/lang/Class; (7 bytes) @ 0x00007feb75181c04 [0x00007feb75181b00+0x104]
v  ~StubRoutines::call_stub
j  bftsmart.tom.ServiceReplica.init()V+1
j  bftsmart.tom.ServiceReplica.<init>(ILjava/lang/String;Lbftsmart/tom/server/Executable;Lbftsmart/tom/server/Recoverable;Lbftsmart/tom/server/RequestVerifier;Lbftsmart/tom/server/Replier;Lbftsmart/tom/util/KeyLoader;)V+141
j  bftsmart.tom.ServiceReplica.<init>(ILbftsmart/tom/server/Executable;Lbftsmart/tom/server/Recoverable;)V+15
j  bftsmart.demo.counter.CounterServer.<init>(I)V+20
j  bftsmart.demo.counter.CounterServer.main([Ljava/lang/String;)V+29
v  ~StubRoutines::call_stub

---------------  P R O C E S S  ---------------

Java Threads: ( => current thread )
  0x00007feb842e6000 JavaThread "AsyncAppender-Worker-ASYNC" daemon [_thread_blocked, id=19955, stack(0x00007feb6c860000,0x00007feb6c961000)]
  0x00007feb840d9000 JavaThread "Service Thread" daemon [_thread_blocked, id=19940, stack(0x00007feb6cb76000,0x00007feb6cc77000)]
  0x00007feb840cd800 JavaThread "C1 CompilerThread3" daemon [_thread_blocked, id=19908, stack(0x00007feb6cc77000,0x00007feb6cd78000)]
  0x00007feb840cb800 JavaThread "C2 CompilerThread2" daemon [_thread_blocked, id=19907, stack(0x00007feb6cd78000,0x00007feb6ce79000)]
  0x00007feb840c9800 JavaThread "C2 CompilerThread1" daemon [_thread_blocked, id=19906, stack(0x00007feb6ce79000,0x00007feb6cf7a000)]
  0x00007feb840c6800 JavaThread "C2 CompilerThread0" daemon [_thread_blocked, id=19905, stack(0x00007feb6cf7a000,0x00007feb6d07b000)]
  0x00007feb840c5000 JavaThread "Signal Dispatcher" daemon [_thread_blocked, id=19904, stack(0x00007feb6d07b000,0x00007feb6d17c000)]
  0x00007feb8408d000 JavaThread "Finalizer" daemon [_thread_blocked, id=19896, stack(0x00007feb6d2fa000,0x00007feb6d3fb000)]
  0x00007feb8408a800 JavaThread "Reference Handler" daemon [_thread_blocked, id=19892, stack(0x00007feb6d3fb000,0x00007feb6d4fc000)]
=>0x00007feb8400a800 JavaThread "main" [_thread_in_native, id=19807, stack(0x00007feb8bc0a000,0x00007feb8bd0b000)]

Other Threads:
  0x00007feb84080800 VMThread [stack: 0x00007feb6d4fc000,0x00007feb6d5fd000] [id=19889]
  0x00007feb840dd800 WatcherThread [stack: 0x00007feb6ca75000,0x00007feb6cb76000] [id=19950]

VM state:not at safepoint (normal execution)

VM Mutex/Monitor currently owned by a thread: None

Heap:
 PSYoungGen      total 74752K, used 14821K [0x000000076d000000, 0x0000000772300000, 0x00000007c0000000)
  eden space 64512K, 22% used [0x000000076d000000,0x000000076de79568,0x0000000770f00000)
  from space 10240K, 0% used [0x0000000771900000,0x0000000771900000,0x0000000772300000)
  to   space 10240K, 0% used [0x0000000770f00000,0x0000000770f00000,0x0000000771900000)
 ParOldGen       total 171008K, used 0K [0x00000006c7000000, 0x00000006d1700000, 0x000000076d000000)
  object space 171008K, 0% used [0x00000006c7000000,0x00000006c7000000,0x00000006d1700000)
 Metaspace       used 8136K, capacity 8348K, committed 8576K, reserved 1056768K
  class space    used 959K, capacity 1030K, committed 1152K, reserved 1048576K

Card table byte_map: [0x00007feb881e8000,0x00007feb889b1000] byte_map_base: 0x00007feb84bb0000

Marking Bits: (ParMarkBitMap*) 0x00007feb8b0ed0a0
 Begin Bits: [0x00007feb38380000, 0x00007feb3c1c0000)
 End Bits:   [0x00007feb3c1c0000, 0x00007feb40000000)

Polling page: 0x00007feb8bd3f000

CodeCache: size=245760Kb used=2122Kb max_used=2122Kb free=243637Kb
 bounds [0x00007feb75000000, 0x00007feb75270000, 0x00007feb84000000]
 total_blobs=793 nmethods=482 adapters=225
 compilation: enabled

Compilation events (10 events):
Event: 0,475 Thread 0x00007feb840cd800 nmethod 471 0x00007feb7520e010 code [0x00007feb7520e180, 0x00007feb7520e368]
Event: 0,475 Thread 0x00007feb840cd800  472       3       sun.reflect.ByteVectorImpl::add (38 bytes)
Event: 0,475 Thread 0x00007feb840cd800 nmethod 472 0x00007feb7520e450 code [0x00007feb7520e5c0, 0x00007feb7520e7e8]
Event: 0,488 Thread 0x00007feb840c6800  475       4       sun.reflect.ClassFileAssembler::emitByte (11 bytes)
Event: 0,489 Thread 0x00007feb840c9800  479       4       sun.reflect.ByteVectorImpl::add (38 bytes)
Event: 0,490 Thread 0x00007feb840c6800 nmethod 475 0x00007feb75211850 code [0x00007feb752119c0, 0x00007feb75211b08]
Event: 0,490 Thread 0x00007feb840c9800 nmethod 479 0x00007feb75211c90 code [0x00007feb75211de0, 0x00007feb75211ee8]
Event: 0,490 Thread 0x00007feb840cd800  476       3       sun.reflect.UTF8::utf8Length (81 bytes)
Event: 0,490 Thread 0x00007feb840cd800 nmethod 476 0x00007feb75210dd0 code [0x00007feb75210f80, 0x00007feb752115c8]
Event: 0,490 Thread 0x00007feb840cd800  477   !   3       sun.reflect.UTF8::encode (191 bytes)

GC Heap History (0 events):
No events

Deoptimization events (2 events):
Event: 0,160 Thread 0x00007feb8400a800 Uncommon trap: reason=unstable_if action=reinterpret pc=0x00007feb7511fc94 method=java.util.jar.JarFile.match([C[B[I[I)Z @ 18
Event: 0,169 Thread 0x00007feb8400a800 Uncommon trap: reason=unstable_if action=reinterpret pc=0x00007feb7511d864 method=java.util.jar.JarFile.match([C[B[I[I)Z @ 18

Classes redefined (0 events):
No events

Internal exceptions (10 events):
Event: 0,039 Thread 0x00007feb8400a800 Exception <a 'java/lang/NoSuchMethodError': Method sun.misc.Unsafe.defineClass(Ljava/lang/String;[BII)Ljava/lang/Class; name or signature does not match> (0x000000076d007cb0) thrown at [/HUDSON/workspace/8-2-build-linux-amd64/jdk8u181/11358/hotspot/src/sh
Event: 0,039 Thread 0x00007feb8400a800 Exception <a 'java/lang/NoSuchMethodError': Method sun.misc.Unsafe.prefetchRead(Ljava/lang/Object;J)V name or signature does not match> (0x000000076d007f98) thrown at [/HUDSON/workspace/8-2-build-linux-amd64/jdk8u181/11358/hotspot/src/share/vm/prims/jni.c
Event: 0,168 Thread 0x00007feb8400a800 Exception <a 'java/security/PrivilegedActionException'> (0x000000076d441658) thrown at [/HUDSON/workspace/8-2-build-linux-amd64/jdk8u181/11358/hotspot/src/share/vm/prims/jvm.cpp, line 1435]
Event: 0,168 Thread 0x00007feb8400a800 Exception <a 'java/security/PrivilegedActionException'> (0x000000076d441868) thrown at [/HUDSON/workspace/8-2-build-linux-amd64/jdk8u181/11358/hotspot/src/share/vm/prims/jvm.cpp, line 1435]
Event: 0,168 Thread 0x00007feb8400a800 Exception <a 'java/security/PrivilegedActionException'> (0x000000076d443cd0) thrown at [/HUDSON/workspace/8-2-build-linux-amd64/jdk8u181/11358/hotspot/src/share/vm/prims/jvm.cpp, line 1435]
Event: 0,168 Thread 0x00007feb8400a800 Exception <a 'java/security/PrivilegedActionException'> (0x000000076d443ee0) thrown at [/HUDSON/workspace/8-2-build-linux-amd64/jdk8u181/11358/hotspot/src/share/vm/prims/jvm.cpp, line 1435]
Event: 0,204 Thread 0x00007feb8400a800 Exception <a 'java/io/FileNotFoundException'> (0x000000076d56dff8) thrown at [/HUDSON/workspace/8-2-build-linux-amd64/jdk8u181/11358/hotspot/src/share/vm/prims/jni.cpp, line 709]
Event: 0,455 Thread 0x00007feb8400a800 Exception <a 'java/lang/NoSuchFieldError': method resolution failed> (0x000000076dcab828) thrown at [/HUDSON/workspace/8-2-build-linux-amd64/jdk8u181/11358/hotspot/src/share/vm/prims/methodHandles.cpp, line 1167]
Event: 0,456 Thread 0x00007feb8400a800 Exception <a 'java/lang/NoSuchFieldError': method resolution failed> (0x000000076dcb8b48) thrown at [/HUDSON/workspace/8-2-build-linux-amd64/jdk8u181/11358/hotspot/src/share/vm/prims/methodHandles.cpp, line 1167]
Event: 0,487 Thread 0x00007feb8400a800 Exception <a 'java/lang/NoSuchMethodError': org.slf4j.impl.StaticMDCBinder.getSingleton()Lorg/slf4j/impl/StaticMDCBinder;> (0x000000076dd8f7a0) thrown at [/HUDSON/workspace/8-2-build-linux-amd64/jdk8u181/11358/hotspot/src/share/vm/interpreter/linkResolver

Events (10 events):
Event: 0,487 loading class java/text/Format$FieldDelegate done
Event: 0,487 loading class java/text/DontCareFieldPosition$1 done
Event: 0,488 loading class java/text/NumberFormat$Field
Event: 0,488 loading class java/text/NumberFormat$Field done
Event: 0,488 loading class ch/qos/logback/core/pattern/SpacePadder
Event: 0,488 loading class ch/qos/logback/core/pattern/SpacePadder done
Event: 0,491 loading class java/lang/StrictMath
Event: 0,491 loading class java/lang/StrictMath done
Event: 0,491 loading class bftsmart/communication/ServerCommunicationSystem
Event: 0,491 loading class bftsmart/communication/ServerCommunicationSystem done


Dynamic libraries:
00400000-00401000 r-xp 00000000 08:07 1458379                            /usr/lib/jvm/java-8-oracle/jre/bin/java
00600000-00601000 rw-p 00000000 08:07 1458379                            /usr/lib/jvm/java-8-oracle/jre/bin/java
00751000-00772000 rw-p 00000000 00:00 0                                  [heap]
6c7000000-6d1700000 rw-p 00000000 00:00 0 
6d1700000-76d000000 ---p 00000000 00:00 0 
76d000000-772300000 rw-p 00000000 00:00 0 
772300000-7c0000000 ---p 00000000 00:00 0 
7c0000000-7c0120000 rw-p 00000000 00:00 0 
7c0120000-800000000 ---p 00000000 00:00 0 
7feb0c000000-7feb0c021000 rw-p 00000000 00:00 0 
7feb0c021000-7feb10000000 ---p 00000000 00:00 0 
7feb10000000-7feb10021000 rw-p 00000000 00:00 0 
7feb10021000-7feb14000000 ---p 00000000 00:00 0 
7feb14000000-7feb141b0000 rw-p 00000000 00:00 0 
7feb141b0000-7feb18000000 ---p 00000000 00:00 0 
7feb18000000-7feb18021000 rw-p 00000000 00:00 0 
7feb18021000-7feb1c000000 ---p 00000000 00:00 0 
7feb1c000000-7feb1c02d000 rw-p 00000000 00:00 0 
7feb1c02d000-7feb20000000 ---p 00000000 00:00 0 
7feb20000000-7feb200b0000 rw-p 00000000 00:00 0 
7feb200b0000-7feb24000000 ---p 00000000 00:00 0 
7feb24000000-7feb24021000 rw-p 00000000 00:00 0 
7feb24021000-7feb28000000 ---p 00000000 00:00 0 
7feb28000000-7feb2808f000 rw-p 00000000 00:00 0 
7feb2808f000-7feb2c000000 ---p 00000000 00:00 0 
7feb2c000000-7feb2c021000 rw-p 00000000 00:00 0 
7feb2c021000-7feb30000000 ---p 00000000 00:00 0 
7feb30000000-7feb30021000 rw-p 00000000 00:00 0 
7feb30021000-7feb34000000 ---p 00000000 00:00 0 
7feb34000000-7feb34021000 rw-p 00000000 00:00 0 
7feb34021000-7feb38000000 ---p 00000000 00:00 0 
7feb38380000-7feb40000000 rw-p 00000000 00:00 0 
7feb40000000-7feb40021000 rw-p 00000000 00:00 0 
7feb40021000-7feb44000000 ---p 00000000 00:00 0 
7feb44000000-7feb44021000 rw-p 00000000 00:00 0 
7feb44021000-7feb48000000 ---p 00000000 00:00 0 
7feb48000000-7feb48021000 rw-p 00000000 00:00 0 
7feb48021000-7feb4c000000 ---p 00000000 00:00 0 
7feb50000000-7feb50021000 rw-p 00000000 00:00 0 
7feb50021000-7feb54000000 ---p 00000000 00:00 0 
7feb58000000-7feb58021000 rw-p 00000000 00:00 0 
7feb58021000-7feb5c000000 ---p 00000000 00:00 0 
7feb60000000-7feb60021000 rw-p 00000000 00:00 0 
7feb60021000-7feb64000000 ---p 00000000 00:00 0 
7feb64fff000-7feb68000000 rw-p 00000000 00:00 0 
7feb68000000-7feb68021000 rw-p 00000000 00:00 0 
7feb68021000-7feb6c000000 ---p 00000000 00:00 0 
7feb6c644000-7feb6c65a000 r-xp 00000000 08:07 1458701                    /usr/lib/jvm/java-8-oracle/jre/lib/amd64/libnet.so
7feb6c65a000-7feb6c85a000 ---p 00016000 08:07 1458701                    /usr/lib/jvm/java-8-oracle/jre/lib/amd64/libnet.so
7feb6c85a000-7feb6c85b000 rw-p 00016000 08:07 1458701                    /usr/lib/jvm/java-8-oracle/jre/lib/amd64/libnet.so
7feb6c85b000-7feb6c860000 r--s 0009d000 08:07 1458542                    /usr/lib/jvm/java-8-oracle/jre/lib/jsse.jar
7feb6c860000-7feb6c863000 ---p 00000000 00:00 0 
7feb6c863000-7feb6c961000 rw-p 00000000 00:00 0 
7feb6c961000-7feb6c96b000 r--s 00116000 08:07 1458553                    /usr/lib/jvm/java-8-oracle/jre/lib/ext/localedata.jar
7feb6c96b000-7feb6c976000 r--s 00069000 08:0a 20973843                   /home/worm/Dropbox/FCUL/BFT/library/lib/logback-core-1.2.3.jar
7feb6c976000-7feb6c9cd000 r--s 00362000 08:0a 20974610                   /home/worm/Dropbox/FCUL/BFT/library/lib/jce-jdk13-160.jar
7feb6c9cd000-7feb6ca0a000 r--s 0031d000 08:0a 20973844                   /home/worm/Dropbox/FCUL/BFT/library/lib/netty-all-4.1.9.Final.jar
7feb6ca0a000-7feb6ca1d000 r--s 000b0000 08:0a 20973464                   /home/worm/Dropbox/FCUL/BFT/library/lib/bcpkix-jdk15on-160.jar
7feb6ca1d000-7feb6ca75000 r--s 003a7000 08:0a 20975162                   /home/worm/Dropbox/FCUL/BFT/library/lib/bcprov-jdk15on-160.jar
7feb6ca75000-7feb6ca76000 ---p 00000000 00:00 0 
7feb6ca76000-7feb6cb76000 rw-p 00000000 00:00 0 
7feb6cb76000-7feb6cb79000 ---p 00000000 00:00 0 
7feb6cb79000-7feb6cc77000 rw-p 00000000 00:00 0 
7feb6cc77000-7feb6cc7a000 ---p 00000000 00:00 0 
7feb6cc7a000-7feb6cd78000 rw-p 00000000 00:00 0 
7feb6cd78000-7feb6cd7b000 ---p 00000000 00:00 0 
7feb6cd7b000-7feb6ce79000 rw-p 00000000 00:00 0 
7feb6ce79000-7feb6ce7c000 ---p 00000000 00:00 0 
7feb6ce7c000-7feb6cf7a000 rw-p 00000000 00:00 0 
7feb6cf7a000-7feb6cf7d000 ---p 00000000 00:00 0 
7feb6cf7d000-7feb6d07b000 rw-p 00000000 00:00 0 
7feb6d07b000-7feb6d07e000 ---p 00000000 00:00 0 
7feb6d07e000-7feb6d17c000 rw-p 00000000 00:00 0 
7feb6d17c000-7feb6d1ca000 r--p 00000000 08:07 1318067                    /usr/lib/locale/pt_PT.utf8/LC_CTYPE
7feb6d1ca000-7feb6d2fa000 r--p 00000000 08:07 1318322                    /usr/lib/locale/en_US.utf8/LC_COLLATE
7feb6d2fa000-7feb6d2fd000 ---p 00000000 00:00 0 
7feb6d2fd000-7feb6d3fb000 rw-p 00000000 00:00 0 
7feb6d3fb000-7feb6d3fe000 ---p 00000000 00:00 0 
7feb6d3fe000-7feb6d4fc000 rw-p 00000000 00:00 0 
7feb6d4fc000-7feb6d4fd000 ---p 00000000 00:00 0 
7feb6d4fd000-7feb6f778000 rw-p 00000000 00:00 0 
7feb6f778000-7feb6f838000 ---p 00000000 00:00 0 
7feb6f838000-7feb70000000 rw-p 00000000 00:00 0 
7feb70000000-7feb70021000 rw-p 00000000 00:00 0 
7feb70021000-7feb74000000 ---p 00000000 00:00 0 
7feb74001000-7feb74007000 r--s 00041000 08:0a 20973842                   /home/worm/Dropbox/FCUL/BFT/library/lib/logback-classic-1.2.3.jar
7feb74007000-7feb741ef000 rw-p 00000000 00:00 0 
7feb741ef000-7feb743c9000 r--s 03d6b000 08:07 1458485                    /usr/lib/jvm/java-8-oracle/jre/lib/rt.jar
7feb743c9000-7feb743ca000 ---p 00000000 00:00 0 
7feb743ca000-7feb744ca000 rw-p 00000000 00:00 0 
7feb744ca000-7feb744cb000 ---p 00000000 00:00 0 
7feb744cb000-7feb745cb000 rw-p 00000000 00:00 0 
7feb745cb000-7feb745cc000 ---p 00000000 00:00 0 
7feb745cc000-7feb746cc000 rw-p 00000000 00:00 0 
7feb746cc000-7feb746cd000 ---p 00000000 00:00 0 
7feb746cd000-7feb747cd000 rw-p 00000000 00:00 0 
7feb747cd000-7feb747ce000 ---p 00000000 00:00 0 
7feb747ce000-7feb748ce000 rw-p 00000000 00:00 0 
7feb748ce000-7feb748cf000 ---p 00000000 00:00 0 
7feb748cf000-7feb749cf000 rw-p 00000000 00:00 0 
7feb749cf000-7feb749d0000 ---p 00000000 00:00 0 
7feb749d0000-7feb74b24000 rw-p 00000000 00:00 0 
7feb74b24000-7feb75000000 ---p 00000000 00:00 0 
7feb75000000-7feb75270000 rwxp 00000000 00:00 0 
7feb75270000-7feb84000000 ---p 00000000 00:00 0 
7feb84000000-7feb8461a000 rw-p 00000000 00:00 0 
7feb8461a000-7feb88000000 ---p 00000000 00:00 0 
7feb88002000-7feb88004000 r--s 0000f000 08:0a 20973841                   /home/worm/Dropbox/FCUL/BFT/library/lib/core-0.1.4.jar
7feb88004000-7feb88006000 r--s 00009000 08:0a 20973845                   /home/worm/Dropbox/FCUL/BFT/library/lib/slf4j-api-1.7.25.jar
7feb88006000-7feb88008000 r--s 00010000 08:0a 20973840                   /home/worm/Dropbox/FCUL/BFT/library/lib/commons-codec-1.5.jar
7feb88008000-7feb8800e000 r--s 0005e000 08:0a 20975163                   /home/worm/Dropbox/FCUL/BFT/library/bin/BFT-SMaRt.jar
7feb8800e000-7feb8800f000 r--p 00000000 08:07 1323125                    /usr/lib/locale/pt_PT.utf8/LC_NUMERIC
7feb8800f000-7feb88016000 r--s 00000000 08:07 1575494                    /usr/lib/x86_64-linux-gnu/gconv/gconv-modules.cache
7feb88016000-7feb880e7000 rw-p 00000000 00:00 0 
7feb880e7000-7feb880e8000 ---p 00000000 00:00 0 
7feb880e8000-7feb8823c000 rw-p 00000000 00:00 0 
7feb8823c000-7feb88718000 ---p 00000000 00:00 0 
7feb88718000-7feb88742000 rw-p 00000000 00:00 0 
7feb88742000-7feb889b0000 ---p 00000000 00:00 0 
7feb889b0000-7feb889bb000 rw-p 00000000 00:00 0 
7feb889bb000-7feb88d71000 ---p 00000000 00:00 0 
7feb88d71000-7feb88d8c000 r-xp 00000000 08:07 1458697                    /usr/lib/jvm/java-8-oracle/jre/lib/amd64/libzip.so
7feb88d8c000-7feb88f8c000 ---p 0001b000 08:07 1458697                    /usr/lib/jvm/java-8-oracle/jre/lib/amd64/libzip.so
7feb88f8c000-7feb88f8d000 rw-p 0001b000 08:07 1458697                    /usr/lib/jvm/java-8-oracle/jre/lib/amd64/libzip.so
7feb88f8d000-7feb88f98000 r-xp 00000000 08:04 1180718                    /lib/x86_64-linux-gnu/libnss_files-2.23.so
7feb88f98000-7feb89197000 ---p 0000b000 08:04 1180718                    /lib/x86_64-linux-gnu/libnss_files-2.23.so
7feb89197000-7feb89198000 r--p 0000a000 08:04 1180718                    /lib/x86_64-linux-gnu/libnss_files-2.23.so
7feb89198000-7feb89199000 rw-p 0000b000 08:04 1180718                    /lib/x86_64-linux-gnu/libnss_files-2.23.so
7feb89199000-7feb8919f000 rw-p 00000000 00:00 0 
7feb8919f000-7feb891aa000 r-xp 00000000 08:04 1180722                    /lib/x86_64-linux-gnu/libnss_nis-2.23.so
7feb891aa000-7feb893a9000 ---p 0000b000 08:04 1180722                    /lib/x86_64-linux-gnu/libnss_nis-2.23.so
7feb893a9000-7feb893aa000 r--p 0000a000 08:04 1180722                    /lib/x86_64-linux-gnu/libnss_nis-2.23.so
7feb893aa000-7feb893ab000 rw-p 0000b000 08:04 1180722                    /lib/x86_64-linux-gnu/libnss_nis-2.23.so
7feb893ab000-7feb893c1000 r-xp 00000000 08:04 1180700                    /lib/x86_64-linux-gnu/libnsl-2.23.so
7feb893c1000-7feb895c0000 ---p 00016000 08:04 1180700                    /lib/x86_64-linux-gnu/libnsl-2.23.so
7feb895c0000-7feb895c1000 r--p 00015000 08:04 1180700                    /lib/x86_64-linux-gnu/libnsl-2.23.so
7feb895c1000-7feb895c2000 rw-p 00016000 08:04 1180700                    /lib/x86_64-linux-gnu/libnsl-2.23.so
7feb895c2000-7feb895c4000 rw-p 00000000 00:00 0 
7feb895c4000-7feb895cc000 r-xp 00000000 08:04 1180713                    /lib/x86_64-linux-gnu/libnss_compat-2.23.so
7feb895cc000-7feb897cb000 ---p 00008000 08:04 1180713                    /lib/x86_64-linux-gnu/libnss_compat-2.23.so
7feb897cb000-7feb897cc000 r--p 00007000 08:04 1180713                    /lib/x86_64-linux-gnu/libnss_compat-2.23.so
7feb897cc000-7feb897cd000 rw-p 00008000 08:04 1180713                    /lib/x86_64-linux-gnu/libnss_compat-2.23.so
7feb897cd000-7feb897f8000 r-xp 00000000 08:07 1458691                    /usr/lib/jvm/java-8-oracle/jre/lib/amd64/libjava.so
7feb897f8000-7feb899f7000 ---p 0002b000 08:07 1458691                    /usr/lib/jvm/java-8-oracle/jre/lib/amd64/libjava.so
7feb899f7000-7feb899f9000 rw-p 0002a000 08:07 1458691                    /usr/lib/jvm/java-8-oracle/jre/lib/amd64/libjava.so
7feb899f9000-7feb89a06000 r-xp 00000000 08:07 1458696                    /usr/lib/jvm/java-8-oracle/jre/lib/amd64/libverify.so
7feb89a06000-7feb89c06000 ---p 0000d000 08:07 1458696                    /usr/lib/jvm/java-8-oracle/jre/lib/amd64/libverify.so
7feb89c06000-7feb89c08000 rw-p 0000d000 08:07 1458696                    /usr/lib/jvm/java-8-oracle/jre/lib/amd64/libverify.so
7feb89c08000-7feb89c0f000 r-xp 00000000 08:04 1180725                    /lib/x86_64-linux-gnu/librt-2.23.so
7feb89c0f000-7feb89e0e000 ---p 00007000 08:04 1180725                    /lib/x86_64-linux-gnu/librt-2.23.so
7feb89e0e000-7feb89e0f000 r--p 00006000 08:04 1180725                    /lib/x86_64-linux-gnu/librt-2.23.so
7feb89e0f000-7feb89e10000 rw-p 00007000 08:04 1180725                    /lib/x86_64-linux-gnu/librt-2.23.so
7feb89e10000-7feb89f18000 r-xp 00000000 08:04 1179867                    /lib/x86_64-linux-gnu/libm-2.23.so
7feb89f18000-7feb8a117000 ---p 00108000 08:04 1179867                    /lib/x86_64-linux-gnu/libm-2.23.so
7feb8a117000-7feb8a118000 r--p 00107000 08:04 1179867                    /lib/x86_64-linux-gnu/libm-2.23.so
7feb8a118000-7feb8a119000 rw-p 00108000 08:04 1179867                    /lib/x86_64-linux-gnu/libm-2.23.so
7feb8a119000-7feb8adf5000 r-xp 00000000 08:07 1458673                    /usr/lib/jvm/java-8-oracle/jre/lib/amd64/server/libjvm.so
7feb8adf5000-7feb8aff5000 ---p 00cdc000 08:07 1458673                    /usr/lib/jvm/java-8-oracle/jre/lib/amd64/server/libjvm.so
7feb8aff5000-7feb8b0cf000 rw-p 00cdc000 08:07 1458673                    /usr/lib/jvm/java-8-oracle/jre/lib/amd64/server/libjvm.so
7feb8b0cf000-7feb8b11a000 rw-p 00000000 00:00 0 
7feb8b11a000-7feb8b2da000 r-xp 00000000 08:04 1180703                    /lib/x86_64-linux-gnu/libc-2.23.so
7feb8b2da000-7feb8b4da000 ---p 001c0000 08:04 1180703                    /lib/x86_64-linux-gnu/libc-2.23.so
7feb8b4da000-7feb8b4de000 r--p 001c0000 08:04 1180703                    /lib/x86_64-linux-gnu/libc-2.23.so
7feb8b4de000-7feb8b4e0000 rw-p 001c4000 08:04 1180703                    /lib/x86_64-linux-gnu/libc-2.23.so
7feb8b4e0000-7feb8b4e4000 rw-p 00000000 00:00 0 
7feb8b4e4000-7feb8b4e7000 r-xp 00000000 08:04 1180705                    /lib/x86_64-linux-gnu/libdl-2.23.so
7feb8b4e7000-7feb8b6e6000 ---p 00003000 08:04 1180705                    /lib/x86_64-linux-gnu/libdl-2.23.so
7feb8b6e6000-7feb8b6e7000 r--p 00002000 08:04 1180705                    /lib/x86_64-linux-gnu/libdl-2.23.so
7feb8b6e7000-7feb8b6e8000 rw-p 00003000 08:04 1180705                    /lib/x86_64-linux-gnu/libdl-2.23.so
7feb8b6e8000-7feb8b6fe000 r-xp 00000000 08:07 1458668                    /usr/lib/jvm/java-8-oracle/jre/lib/amd64/jli/libjli.so
7feb8b6fe000-7feb8b8fd000 ---p 00016000 08:07 1458668                    /usr/lib/jvm/java-8-oracle/jre/lib/amd64/jli/libjli.so
7feb8b8fd000-7feb8b8fe000 rw-p 00015000 08:07 1458668                    /usr/lib/jvm/java-8-oracle/jre/lib/amd64/jli/libjli.so
7feb8b8fe000-7feb8b916000 r-xp 00000000 08:04 1180702                    /lib/x86_64-linux-gnu/libpthread-2.23.so
7feb8b916000-7feb8bb15000 ---p 00018000 08:04 1180702                    /lib/x86_64-linux-gnu/libpthread-2.23.so
7feb8bb15000-7feb8bb16000 r--p 00017000 08:04 1180702                    /lib/x86_64-linux-gnu/libpthread-2.23.so
7feb8bb16000-7feb8bb17000 rw-p 00018000 08:04 1180702                    /lib/x86_64-linux-gnu/libpthread-2.23.so
7feb8bb17000-7feb8bb1b000 rw-p 00000000 00:00 0 
7feb8bb1b000-7feb8bb41000 r-xp 00000000 08:04 1180701                    /lib/x86_64-linux-gnu/ld-2.23.so
7feb8bb41000-7feb8bb42000 r--p 00000000 08:07 1323689                    /usr/lib/locale/en_US.utf8/LC_TIME
7feb8bb42000-7feb8bb43000 r--p 00000000 08:07 1322148                    /usr/lib/locale/pt_PT.utf8/LC_MONETARY
7feb8bb43000-7feb8bb44000 r--p 00000000 08:07 1323692                    /usr/lib/locale/en_US.utf8/LC_MESSAGES/SYS_LC_MESSAGES
7feb8bb44000-7feb8bb45000 r--p 00000000 08:07 1442664                    /usr/lib/locale/pt_PT.utf8/LC_PAPER
7feb8bb45000-7feb8bc0a000 rw-p 00000000 00:00 0 
7feb8bc0a000-7feb8bc0d000 ---p 00000000 00:00 0 
7feb8bc0d000-7feb8bd10000 rw-p 00000000 00:00 0 
7feb8bd10000-7feb8bd11000 r--p 00000000 08:07 1320838                    /usr/lib/locale/pt_PT.utf8/LC_NAME
7feb8bd11000-7feb8bd12000 r--p 00000000 08:07 1326372                    /usr/lib/locale/pt_PT.utf8/LC_ADDRESS
7feb8bd12000-7feb8bd13000 r--p 00000000 08:07 1326373                    /usr/lib/locale/pt_PT.utf8/LC_TELEPHONE
7feb8bd13000-7feb8bd14000 r--p 00000000 08:07 1442665                    /usr/lib/locale/pt_PT.utf8/LC_MEASUREMENT
7feb8bd14000-7feb8bd15000 r--p 00000000 08:07 1326374                    /usr/lib/locale/pt_PT.utf8/LC_IDENTIFICATION
7feb8bd15000-7feb8bd36000 rw-p 00000000 00:00 0 
7feb8bd36000-7feb8bd3e000 rw-s 00000000 08:04 2228254                    /tmp/hsperfdata_worm/19803
7feb8bd3e000-7feb8bd3f000 rw-p 00000000 00:00 0 
7feb8bd3f000-7feb8bd40000 r--p 00000000 00:00 0 
7feb8bd40000-7feb8bd41000 r--p 00025000 08:04 1180701                    /lib/x86_64-linux-gnu/ld-2.23.so
7feb8bd41000-7feb8bd42000 rw-p 00026000 08:04 1180701                    /lib/x86_64-linux-gnu/ld-2.23.so
7feb8bd42000-7feb8bd43000 rw-p 00000000 00:00 0 
7fff370a8000-7fff370c9000 rw-p 00000000 00:00 0                          [stack]
7fff37163000-7fff37165000 r--p 00000000 00:00 0                          [vvar]
7fff37165000-7fff37167000 r-xp 00000000 00:00 0                          [vdso]
ffffffffff600000-ffffffffff601000 r-xp 00000000 00:00 0                  [vsyscall]

VM Arguments:
jvm_args: -Dlogback.configurationFile=./config/logback.xml 
java_command: bftsmart.demo.counter.CounterServer 1
java_class_path (initial): ./bin/BFT-SMaRt.jar:./lib/bcprov-jdk15on-160.jar:./lib/bcpkix-jdk15on-160.jar:./lib/netty-all-4.1.9.Final.jar:./lib/jce-jdk13-160.jar:./lib/commons-codec-1.5.jar:./lib/logback-core-1.2.3.jar:./lib/slf4j-api-1.7.25.jar:./lib/logback-classic-1.2.3.jar:./lib/core-0.1.4.jar
Launcher Type: SUN_STANDARD

Environment Variables:
PATH=/opt/go/bin:/opt/eclipse-neon/:/usr/local/sbin:/usr/local/bin:/usr/sbin:/usr/bin:/sbin:/bin:/usr/games:/usr/local/games
SHELL=/bin/bash
DISPLAY=:0

Signal Handlers:
SIGSEGV: [libjvm.so+0xad2a40], sa_mask[0]=11111111011111111101111111111110, sa_flags=SA_RESTART|SA_SIGINFO
SIGBUS: [libjvm.so+0xad2a40], sa_mask[0]=11111111011111111101111111111110, sa_flags=SA_RESTART|SA_SIGINFO
SIGFPE: [libjvm.so+0x92a610], sa_mask[0]=11111111011111111101111111111110, sa_flags=SA_RESTART|SA_SIGINFO
SIGPIPE: [libjvm.so+0x92a610], sa_mask[0]=11111111011111111101111111111110, sa_flags=SA_RESTART|SA_SIGINFO
SIGXFSZ: [libjvm.so+0x92a610], sa_mask[0]=11111111011111111101111111111110, sa_flags=SA_RESTART|SA_SIGINFO
SIGILL: [libjvm.so+0x92a610], sa_mask[0]=11111111011111111101111111111110, sa_flags=SA_RESTART|SA_SIGINFO
SIGUSR1: SIG_DFL, sa_mask[0]=00000000000000000000000000000000, sa_flags=none
SIGUSR2: [libjvm.so+0x92be70], sa_mask[0]=00000000000000000000000000000000, sa_flags=SA_RESTART|SA_SIGINFO
SIGHUP: [libjvm.so+0x92d270], sa_mask[0]=11111111011111111101111111111110, sa_flags=SA_RESTART|SA_SIGINFO
SIGINT: [libjvm.so+0x92d270], sa_mask[0]=11111111011111111101111111111110, sa_flags=SA_RESTART|SA_SIGINFO
SIGTERM: [libjvm.so+0x92d270], sa_mask[0]=11111111011111111101111111111110, sa_flags=SA_RESTART|SA_SIGINFO
SIGQUIT: [libjvm.so+0x92d270], sa_mask[0]=11111111011111111101111111111110, sa_flags=SA_RESTART|SA_SIGINFO


---------------  S Y S T E M  ---------------

OS:DISTRIB_ID=LinuxMint
DISTRIB_RELEASE=18.1
DISTRIB_CODENAME=serena
DISTRIB_DESCRIPTION="Linux Mint 18.1 Serena"

uname:Linux 4.4.0-53-generic #74-Ubuntu SMP Fri Dec 2 15:59:10 UTC 2016 x86_64
libc:glibc 2.23 NPTL 2.23 
rlimit: STACK 8192k, CORE 0k, NPROC 62532, NOFILE 1048576, AS infinity
load average:0,40 0,56 0,60

/proc/meminfo:
MemTotal:       16314388 kB
MemFree:         8635100 kB
MemAvailable:   10990888 kB
Buffers:         1042084 kB
Cached:          1996652 kB
SwapCached:         2296 kB
Active:          5068476 kB
Inactive:        2202876 kB
Active(anon):    3542880 kB
Inactive(anon):  1189200 kB
Active(file):    1525596 kB
Inactive(file):  1013676 kB
Unevictable:        8420 kB
Mlocked:            8456 kB
SwapTotal:       1955836 kB
SwapFree:        1953104 kB
Dirty:               640 kB
Writeback:             4 kB
AnonPages:       4238748 kB
Mapped:           914412 kB
Shmem:            492060 kB
Slab:             209128 kB
SReclaimable:     136360 kB
SUnreclaim:        72768 kB
KernelStack:       19904 kB
PageTables:        78788 kB
NFS_Unstable:          0 kB
Bounce:                0 kB
WritebackTmp:          0 kB
CommitLimit:    10113028 kB
Committed_AS:   18463372 kB
VmallocTotal:   34359738367 kB
VmallocUsed:           0 kB
VmallocChunk:          0 kB
HardwareCorrupted:     0 kB
AnonHugePages:   2095104 kB
CmaTotal:              0 kB
CmaFree:               0 kB
HugePages_Total:       0
HugePages_Free:        0
HugePages_Rsvd:        0
HugePages_Surp:        0
Hugepagesize:       2048 kB
DirectMap4k:      242664 kB
DirectMap2M:    10125312 kB
DirectMap1G:     7340032 kB


CPU:total 8 (initial active 8) (4 cores per cpu, 2 threads per core) family 6 model 94 stepping 3, cmov, cx8, fxsr, mmx, sse, sse2, sse3, ssse3, sse4.1, sse4.2, popcnt, avx, avx2, aes, clmul, erms, rtm, 3dnowpref, lzcnt, ht, tsc, tscinvbit, bmi1, bmi2, adx

/proc/cpuinfo:
processor	: 0
vendor_id	: GenuineIntel
cpu family	: 6
model		: 94
model name	: Intel(R) Core(TM) i7-6700 CPU @ 3.40GHz
stepping	: 3
microcode	: 0x8a
cpu MHz		: 3699.890
cache size	: 8192 KB
physical id	: 0
siblings	: 8
core id		: 0
cpu cores	: 4
apicid		: 0
initial apicid	: 0
fpu		: yes
fpu_exception	: yes
cpuid level	: 22
wp		: yes
flags		: fpu vme de pse tsc msr pae mce cx8 apic sep mtrr pge mca cmov pat pse36 clflush dts acpi mmx fxsr sse sse2 ss ht tm pbe syscall nx pdpe1gb rdtscp lm constant_tsc art arch_perfmon pebs bts rep_good nopl xtopology nonstop_tsc aperfmperf eagerfpu pni pclmulqdq dtes64 monitor ds_cpl vmx smx est tm2 ssse3 sdbg fma cx16 xtpr pdcm pcid sse4_1 sse4_2 x2apic movbe popcnt tsc_deadline_timer aes xsave avx f16c rdrand lahf_lm abm 3dnowprefetch epb intel_pt tpr_shadow vnmi flexpriority ept vpid fsgsbase tsc_adjust bmi1 hle avx2 smep bmi2 erms invpcid rtm mpx rdseed adx smap clflushopt xsaveopt xsavec xgetbv1 dtherm ida arat pln pts hwp hwp_notify hwp_act_window hwp_epp
bugs		:
bogomips	: 6815.89
clflush size	: 64
cache_alignment	: 64
address sizes	: 39 bits physical, 48 bits virtual
power management:

processor	: 1
vendor_id	: GenuineIntel
cpu family	: 6
model		: 94
model name	: Intel(R) Core(TM) i7-6700 CPU @ 3.40GHz
stepping	: 3
microcode	: 0x8a
cpu MHz		: 3699.890
cache size	: 8192 KB
physical id	: 0
siblings	: 8
core id		: 1
cpu cores	: 4
apicid		: 2
initial apicid	: 2
fpu		: yes
fpu_exception	: yes
cpuid level	: 22
wp		: yes
flags		: fpu vme de pse tsc msr pae mce cx8 apic sep mtrr pge mca cmov pat pse36 clflush dts acpi mmx fxsr sse sse2 ss ht tm pbe syscall nx pdpe1gb rdtscp lm constant_tsc art arch_perfmon pebs bts rep_good nopl xtopology nonstop_tsc aperfmperf eagerfpu pni pclmulqdq dtes64 monitor ds_cpl vmx smx est tm2 ssse3 sdbg fma cx16 xtpr pdcm pcid sse4_1 sse4_2 x2apic movbe popcnt tsc_deadline_timer aes xsave avx f16c rdrand lahf_lm abm 3dnowprefetch epb intel_pt tpr_shadow vnmi flexpriority ept vpid fsgsbase tsc_adjust bmi1 hle avx2 smep bmi2 erms invpcid rtm mpx rdseed adx smap clflushopt xsaveopt xsavec xgetbv1 dtherm ida arat pln pts hwp hwp_notify hwp_act_window hwp_epp
bugs		:
bogomips	: 6815.89
clflush size	: 64
cache_alignment	: 64
address sizes	: 39 bits physical, 48 bits virtual
power management:

processor	: 2
vendor_id	: GenuineIntel
cpu family	: 6
model		: 94
model name	: Intel(R) Core(TM) i7-6700 CPU @ 3.40GHz
stepping	: 3
microcode	: 0x8a
cpu MHz		: 3699.890
cache size	: 8192 KB
physical id	: 0
siblings	: 8
core id		: 2
cpu cores	: 4
apicid		: 4
initial apicid	: 4
fpu		: yes
fpu_exception	: yes
cpuid level	: 22
wp		: yes
flags		: fpu vme de pse tsc msr pae mce cx8 apic sep mtrr pge mca cmov pat pse36 clflush dts acpi mmx fxsr sse sse2 ss ht tm pbe syscall nx pdpe1gb rdtscp lm constant_tsc art arch_perfmon pebs bts rep_good nopl xtopology nonstop_tsc aperfmperf eagerfpu pni pclmulqdq dtes64 monitor ds_cpl vmx smx est tm2 ssse3 sdbg fma cx16 xtpr pdcm pcid sse4_1 sse4_2 x2apic movbe popcnt tsc_deadline_timer aes xsave avx f16c rdrand lahf_lm abm 3dnowprefetch epb intel_pt tpr_shadow vnmi flexpriority ept vpid fsgsbase tsc_adjust bmi1 hle avx2 smep bmi2 erms invpcid rtm mpx rdseed adx smap clflushopt xsaveopt xsavec xgetbv1 dtherm ida arat pln pts hwp hwp_notify hwp_act_window hwp_epp
bugs		:
bogomips	: 6815.89
clflush size	: 64
cache_alignment	: 64
address sizes	: 39 bits physical, 48 bits virtual
power management:

processor	: 3
vendor_id	: GenuineIntel
cpu family	: 6
model		: 94
model name	: Intel(R) Core(TM) i7-6700 CPU @ 3.40GHz
stepping	: 3
microcode	: 0x8a
cpu MHz		: 3699.890
cache size	: 8192 KB
physical id	: 0
siblings	: 8
core id		: 3
cpu cores	: 4
apicid		: 6
initial apicid	: 6
fpu		: yes
fpu_exception	: yes
cpuid level	: 22
wp		: yes
flags		: fpu vme de pse tsc msr pae mce cx8 apic sep mtrr pge mca cmov pat pse36 clflush dts acpi mmx fxsr sse sse2 ss ht tm pbe syscall nx pdpe1gb rdtscp lm constant_tsc art arch_perfmon pebs bts rep_good nopl xtopology nonstop_tsc aperfmperf eagerfpu pni pclmulqdq dtes64 monitor ds_cpl vmx smx est tm2 ssse3 sdbg fma cx16 xtpr pdcm pcid sse4_1 sse4_2 x2apic movbe popcnt tsc_deadline_timer aes xsave avx f16c rdrand lahf_lm abm 3dnowprefetch epb intel_pt tpr_shadow vnmi flexpriority ept vpid fsgsbase tsc_adjust bmi1 hle avx2 smep bmi2 erms invpcid rtm mpx rdseed adx smap clflushopt xsaveopt xsavec xgetbv1 dtherm ida arat pln pts hwp hwp_notify hwp_act_window hwp_epp
bugs		:
bogomips	: 6815.89
clflush size	: 64
cache_alignment	: 64
address sizes	: 39 bits physical, 48 bits virtual
power management:

processor	: 4
vendor_id	: GenuineIntel
cpu family	: 6
model		: 94
model name	: Intel(R) Core(TM) i7-6700 CPU @ 3.40GHz
stepping	: 3
microcode	: 0x8a
cpu MHz		: 3699.890
cache size	: 8192 KB
physical id	: 0
siblings	: 8
core id		: 0
cpu cores	: 4
apicid		: 1
initial apicid	: 1
fpu		: yes
fpu_exception	: yes
cpuid level	: 22
wp		: yes
flags		: fpu vme de pse tsc msr pae mce cx8 apic sep mtrr pge mca cmov pat pse36 clflush dts acpi mmx fxsr sse sse2 ss ht tm pbe syscall nx pdpe1gb rdtscp lm constant_tsc art arch_perfmon pebs bts rep_good nopl xtopology nonstop_tsc aperfmperf eagerfpu pni pclmulqdq dtes64 monitor ds_cpl vmx smx est tm2 ssse3 sdbg fma cx16 xtpr pdcm pcid sse4_1 sse4_2 x2apic movbe popcnt tsc_deadline_timer aes xsave avx f16c rdrand lahf_lm abm 3dnowprefetch epb intel_pt tpr_shadow vnmi flexpriority ept vpid fsgsbase tsc_adjust bmi1 hle avx2 smep bmi2 erms invpcid rtm mpx rdseed adx smap clflushopt xsaveopt xsavec xgetbv1 dtherm ida arat pln pts hwp hwp_notify hwp_act_window hwp_epp
bugs		:
bogomips	: 6815.89
clflush size	: 64
cache_alignment	: 64
address sizes	: 39 bits physical, 48 bits virtual
power management:

processor	: 5
vendor_id	: GenuineIntel
cpu family	: 6
model		: 94
model name	: Intel(R) Core(TM) i7-6700 CPU @ 3.40GHz
stepping	: 3
microcode	: 0x8a
cpu MHz		: 3699.890
cache size	: 8192 KB
physical id	: 0
siblings	: 8
core id		: 1
cpu cores	: 4
apicid		: 3
initial apicid	: 3
fpu		: yes
fpu_exception	: yes
cpuid level	: 22
wp		: yes
flags		: fpu vme de pse tsc msr pae mce cx8 apic sep mtrr pge mca cmov pat pse36 clflush dts acpi mmx fxsr sse sse2 ss ht tm pbe syscall nx pdpe1gb rdtscp lm constant_tsc art arch_perfmon pebs bts rep_good nopl xtopology nonstop_tsc aperfmperf eagerfpu pni pclmulqdq dtes64 monitor ds_cpl vmx smx est tm2 ssse3 sdbg fma cx16 xtpr pdcm pcid sse4_1 sse4_2 x2apic movbe popcnt tsc_deadline_timer aes xsave avx f16c rdrand lahf_lm abm 3dnowprefetch epb intel_pt tpr_shadow vnmi flexpriority ept vpid fsgsbase tsc_adjust bmi1 hle avx2 smep bmi2 erms invpcid rtm mpx rdseed adx smap clflushopt xsaveopt xsavec xgetbv1 dtherm ida arat pln pts hwp hwp_notify hwp_act_window hwp_epp
bugs		:
bogomips	: 6815.89
clflush size	: 64
cache_alignment	: 64
address sizes	: 39 bits physical, 48 bits virtual
power management:

processor	: 6
vendor_id	: GenuineIntel
cpu family	: 6
model		: 94
model name	: Intel(R) Core(TM) i7-6700 CPU @ 3.40GHz
stepping	: 3
microcode	: 0x8a
cpu MHz		: 3699.890
cache size	: 8192 KB
physical id	: 0
siblings	: 8
core id		: 2
cpu cores	: 4
apicid		: 5
initial apicid	: 5
fpu		: yes
fpu_exception	: yes
cpuid level	: 22
wp		: yes
flags		: fpu vme de pse tsc msr pae mce cx8 apic sep mtrr pge mca cmov pat pse36 clflush dts acpi mmx fxsr sse sse2 ss ht tm pbe syscall nx pdpe1gb rdtscp lm constant_tsc art arch_perfmon pebs bts rep_good nopl xtopology nonstop_tsc aperfmperf eagerfpu pni pclmulqdq dtes64 monitor ds_cpl vmx smx est tm2 ssse3 sdbg fma cx16 xtpr pdcm pcid sse4_1 sse4_2 x2apic movbe popcnt tsc_deadline_timer aes xsave avx f16c rdrand lahf_lm abm 3dnowprefetch epb intel_pt tpr_shadow vnmi flexpriority ept vpid fsgsbase tsc_adjust bmi1 hle avx2 smep bmi2 erms invpcid rtm mpx rdseed adx smap clflushopt xsaveopt xsavec xgetbv1 dtherm ida arat pln pts hwp hwp_notify hwp_act_window hwp_epp
bugs		:
bogomips	: 6815.89
clflush size	: 64
cache_alignment	: 64
address sizes	: 39 bits physical, 48 bits virtual
power management:

processor	: 7
vendor_id	: GenuineIntel
cpu family	: 6
model		: 94
model name	: Intel(R) Core(TM) i7-6700 CPU @ 3.40GHz
stepping	: 3
microcode	: 0x8a
cpu MHz		: 3699.890
cache size	: 8192 KB
physical id	: 0
siblings	: 8
core id		: 3
cpu cores	: 4
apicid		: 7
initial apicid	: 7
fpu		: yes
fpu_exception	: yes
cpuid level	: 22
wp		: yes
flags		: fpu vme de pse tsc msr pae mce cx8 apic sep mtrr pge mca cmov pat pse36 clflush dts acpi mmx fxsr sse sse2 ss ht tm pbe syscall nx pdpe1gb rdtscp lm constant_tsc art arch_perfmon pebs bts rep_good nopl xtopology nonstop_tsc aperfmperf eagerfpu pni pclmulqdq dtes64 monitor ds_cpl vmx smx est tm2 ssse3 sdbg fma cx16 xtpr pdcm pcid sse4_1 sse4_2 x2apic movbe popcnt tsc_deadline_timer aes xsave avx f16c rdrand lahf_lm abm 3dnowprefetch epb intel_pt tpr_shadow vnmi flexpriority ept vpid fsgsbase tsc_adjust bmi1 hle avx2 smep bmi2 erms invpcid rtm mpx rdseed adx smap clflushopt xsaveopt xsavec xgetbv1 dtherm ida arat pln pts hwp hwp_notify hwp_act_window hwp_epp
bugs		:
bogomips	: 6815.89
clflush size	: 64
cache_alignment	: 64
address sizes	: 39 bits physical, 48 bits virtual
power management:



Memory: 4k page, physical 16314388k(8634728k free), swap 1955836k(1953104k free)

vm_info: Java HotSpot(TM) 64-Bit Server VM (25.181-b13) for linux-amd64 JRE (1.8.0_181-b13), built on Jul  7 2018 00:56:38 by "java_re" with gcc 4.3.0 20080428 (Red Hat 4.3.0-8)

time: Thu Oct 11 11:29:29 2018
elapsed time: 0 seconds (0d 0h 0m 0s)

